La génération a démarré 23/04/2013 16:07:53.
Projet "E:\ter\sourceRepos\JTSI\Jtsi_dllPart\Jtsi\Jtsi.vcxproj" sur le nœud 2 (build cible(s)).
InitializeBuildStatus:
  Création de "Release\Jtsi.unsuccessfulbuild", car "AlwaysCreate" a été spécifié.
ClCompile:
  Toutes les sorties sont à jour.
  Toutes les sorties sont à jour.
  C:\Program Files\Microsoft Visual Studio 10.0\VC\bin\CL.exe /c /I"C:\Program Files\Java\jdk1.7.0_17\include" /I"C:\Program Files\Java\jdk1.7.0_17\include\win32" /Zi /nologo /W3 /WX- /O2 /Oi /Oy- /GL /D WIN32 /D NDEBUG /D _WINDOWS /D _USRDLL /D JTSI_EXPORTS /D _WINDLL /D _UNICODE /D UNICODE /Gm- /EHsc /MD /GS /Gy /fp:precise /Zc:wchar_t /Zc:forScope /Yu"StdAfx.h" /Fp"Release\Jtsi.pch" /Fo"Release\\" /Fd"Release\vc100.pdb" /Gd /TP /analyze- /errorReport:prompt Jtsi.cpp
  Jtsi.cpp
Link:
  C:\Program Files\Microsoft Visual Studio 10.0\VC\bin\link.exe /ERRORREPORT:PROMPT /OUT:"E:\ter\sourceRepos\JTSI\Jtsi_dllPart\Release\Jtsi.dll" /INCREMENTAL:NO /NOLOGO /LIBPATH:E:\ter\jtsi\jtsi /LIBPATH:"C:\Program Files\Java\jdk1.7.0_17\lib" jvm.lib TRNDll.lib kernel32.lib user32.lib gdi32.lib winspool.lib comdlg32.lib advapi32.lib shell32.lib ole32.lib oleaut32.lib uuid.lib odbc32.lib odbccp32.lib /MANIFEST /ManifestFile:"Release\Jtsi.dll.intermediate.manifest" /MANIFESTUAC:"level='asInvoker' uiAccess='false'" /DEBUG /PDB:"E:\ter\sourceRepos\JTSI\Jtsi_dllPart\Release\Jtsi.pdb" /SUBSYSTEM:WINDOWS /OPT:REF /OPT:ICF /LTCG /TLBID:1 /DYNAMICBASE /NXCOMPAT /IMPLIB:"E:\ter\sourceRepos\JTSI\Jtsi_dllPart\Release\Jtsi.lib" /MACHINE:X86 /DLL Release\dllmain.obj
  Release\Jtsi.obj
  Release\stdafx.obj
     Création de la bibliothèque E:\ter\sourceRepos\JTSI\Jtsi_dllPart\Release\Jtsi.lib et de l'objet E:\ter\sourceRepos\JTSI\Jtsi_dllPart\Release\Jtsi.exp
  Génération de code en cours
  Fin de la génération du code
  Jtsi.vcxproj -> E:\ter\sourceRepos\JTSI\Jtsi_dllPart\Release\Jtsi.dll
Manifest:
  C:\Program Files\Microsoft SDKs\Windows\v7.0A\bin\mt.exe /nologo /verbose /outputresource:"E:\ter\sourceRepos\JTSI\Jtsi_dllPart\Release\Jtsi.dll;#2" /manifest Release\Jtsi.dll.intermediate.manifest
PostBuildEvent:
  Description: Installation de la dll fraîchement compilée
  E:\ter\installDll.bat
  :VCEnd
          1 fichier(s) copié(s).
FinalizeBuildStatus:
  Suppression du fichier "Release\Jtsi.unsuccessfulbuild".
  Mise à jour de l'horodatage "Release\Jtsi.lastbuildstate".
Génération du projet "E:\ter\sourceRepos\JTSI\Jtsi_dllPart\Jtsi\Jtsi.vcxproj" terminée (build cible(s)).

La génération a réussi.

Temps écoulé 00:00:03.32
